d:\fishschooling\fishschooling\boids\x64\debug\vc143.pdb
d:\fishschooling\fishschooling\boids\x64\debug\main.obj
d:\fishschooling\fishschooling\boids\x64\debug\drawablegameobject.obj
d:\fishschooling\fishschooling\boids\x64\debug\ddstextureloader.obj
d:\fishschooling\fishschooling\boids\x64\debug\boid.obj
c:\users\s011308k\desktop\fishschooling\fishschooling\boids\x64\debug\vc143.pdb
c:\users\s011308k\desktop\fishschooling\fishschooling\boids\x64\debug\main.obj
c:\users\s011308k\desktop\fishschooling\fishschooling\boids\x64\debug\drawablegameobject.obj
c:\users\s011308k\desktop\fishschooling\fishschooling\boids\x64\debug\ddstextureloader.obj
c:\users\s011308k\desktop\fishschooling\fishschooling\boids\x64\debug\boid.obj
d:\fishschooling\fishschooling\x64\debug\boids.exe
d:\fishschooling\fishschooling\boids\x64\debug\boids.ilk
d:\fishschooling\fishschooling\x64\debug\boids.pdb
c:\users\s011308k\desktop\fishschooling\fishschooling\x64\debug\boids.exe
c:\users\s011308k\desktop\fishschooling\fishschooling\boids\x64\debug\boids.ilk
c:\users\s011308k\desktop\fishschooling\fishschooling\x64\debug\boids.pdb
d:\fishschooling\fishschooling\boids\x64\debug\tutorial05.res
c:\users\s011308k\desktop\fishschooling\fishschooling\boids\x64\debug\tutorial05.res
c:\users\s011308k\desktop\fishschooling\fishschooling\boids\x64\debug\boids.tlog\cl.command.1.tlog
c:\users\s011308k\desktop\fishschooling\fishschooling\boids\x64\debug\boids.tlog\cl.read.1.tlog
c:\users\s011308k\desktop\fishschooling\fishschooling\boids\x64\debug\boids.tlog\cl.write.1.tlog
c:\users\s011308k\desktop\fishschooling\fishschooling\boids\x64\debug\boids.tlog\link.command.1.tlog
c:\users\s011308k\desktop\fishschooling\fishschooling\boids\x64\debug\boids.tlog\link.read.1.tlog
c:\users\s011308k\desktop\fishschooling\fishschooling\boids\x64\debug\boids.tlog\link.write.1.tlog
c:\users\s011308k\desktop\fishschooling\fishschooling\boids\x64\debug\boids.tlog\rc.command.1.tlog
c:\users\s011308k\desktop\fishschooling\fishschooling\boids\x64\debug\boids.tlog\rc.read.1.tlog
c:\users\s011308k\desktop\fishschooling\fishschooling\boids\x64\debug\boids.tlog\rc.write.1.tlog
